1500820646.11
1500820682.06
1500879601.07
1500966001.06
1501052402.03
1501138801.64
1501225201.25
1501311601.68
1501398001.97
1501484401.13
1501570801.98
1501657201.62
1501743601.64
1501830001.65
1501916401.93
1502002801.77
1502089202.04
1502175601.28
1502262001.39
1502348401.55
1502434801.85
1502521201.11
1502607601.39
1502694001.66
1502780401.53
1502866801.24
1502953202.0
1503039601.35
1503126001.86
1503212401.22
1503298801.44
1503385201.32
1503471601.48
1503558001.59
1503644401.55
1503730801.67
1503817201.77
1503903601.75
1503990001.77
1504076401.76
1504162801.93
1504249201.26
1504335601.49
1504422001.67
1504508401.81
1504594801.48
1504681201.26
1504767601.95
1504854001.2
1504940401.12
1505026801.38
1505113201.61
1505199601.91
1505286001.12
1505372401.4
1505458801.74
1505545201.77
1505631601.19
1505718001.74
1505804401.79
1505890801.8
1505977201.84
1506063601.93
1506150001.61
1506236401.96
1506322801.05
1506409201.23
1506495601.64
1506582001.96
1506668401.27
1506754801.18
1506841201.57
1506927601.38
1507014001.27
1507100401.33
1507186801.78
1507273201.09
1507359601.55
1507446001.86
1507532401.16
1507618801.85
1507705201.49
1507791601.43
1507878001.27
1507964401.34
1508050801.83
1508137201.43
1508223601.86
1508310001.16
1508396401.7
1508482801.7
1508569201.24
1508655601.76
1508742002.0
1508828401.4
1508914801.86
1509001201.44
1509087602.04
1509174001.71
1509260401.3
1509346801.75
1509433201.6
1509519601.33
1509606001.45
1509692401.83
1509778802.01
1509868801.55
1509955201.38
1510041601.66
1510128001.17
1510214401.59
1510300801.37
1510387201.76
1510473601.29
1510560001.74
1510646401.11
1510732801.1
1510819201.15
1510905601.69
1510992001.07
1511078401.6
1511164801.41
1511251201.49
1511337601.86
1511424001.18
1511510401.68
1511596802.0
1511683201.5
1511769601.84
1511856001.38
1511942401.61
1512028801.32
1512115201.45
1512201601.88
1512288001.93
1512374401.13
1512460801.87
1512547201.05
1512633601.27
1512720001.88
1512806402.01
1512892801.33
1512979201.6
1513065601.35
1513152001.81
1513238401.05
1513324801.68
1513411201.17
1513497601.92
1513584002.03
1513670402.06
1513756801.37
1513843201.27
1513929601.17
1514016001.04
1514102401.18
1514188801.27
1514275201.23
1514361601.35
1514448001.37
1514534401.33
1514620801.53
1514707201.72
1514793601.66
1514880001.7
1514966401.13
1515052801.21
1515139201.34
1515225601.84
1515312001.76
1515398401.26
1515484801.2
1515571201.94
1515657601.15
1515744001.76
1515830402.14
1515916801.6
1516003201.85
1516089601.36
1516176001.96
1516262401.22
1516348801.96
1516435201.69
1516521602.0
1516608001.42
1516694401.79
1516780801.64
1516867201.23
1516953601.84
1517040001.39
1517126401.97
1517212801.49
1517299201.1
1517385601.07
1517472001.44
1517558401.07
1517644801.6
1517731201.3
1517817601.81
1517904001.18
1517990401.41
1518076801.28
1518163202.07
1518249601.53
1518336001.57
1518422401.17
1518508801.61
1518595201.32
1518681602.04
1518768001.43
1518854401.86
1518940801.17
1519027201.97
